<?xml version="1.0" encoding="UTF-8"?>
<!-- Generated by org.testng.reporters.JUnitXMLReporter -->
<testsuite ignored="1" hostname="DESKTOP-4SHEN3F" failures="0" tests="4" name="GRP-regression" time="0.308" errors="0" timestamp="2023-09-29T19:37:12 IST">
  <testcase classname="TestNg.groupexecuation" name="b" time="0.014"/>
  <testcase classname="TestNg.groupexecuation" name="c" time="0.023"/>
  <testcase classname="TestNg.groupexecuation" name="d" time="0.007"/>
  <testcase classname="TestNg.besoreaftergroup" name="c" time="0.006"/>
  <testcase classname="TestNg.groupexecuation" name="a" time="0.0">
    <ignored/>
  </testcase> <!-- a -->
</testsuite> <!-- GRP-regression -->
